#
# There is insufficient memory for the Java Runtime Environment to continue.
# Native memory allocation (malloc) failed to allocate 1048576 bytes for AllocateHeap
# Possible reasons:
#   The system is out of physical RAM or swap space
#   The process is running with CompressedOops enabled, and the Java Heap may be blocking the growth of the native heap
# Possible solutions:
#   Reduce memory load on the system
#   Increase physical memory or swap space
#   Check if swap backing store is full
#   Decrease Java heap size (-Xmx/-Xms)
#   Decrease number of Java threads
#   Decrease Java thread stack sizes (-Xss)
#   Set larger code cache with -XX:ReservedCodeCacheSize=
#   JVM is running with Zero Based Compressed Oops mode in which the Java heap is
#     placed in the first 32GB address space. The Java Heap base address is the
#     maximum limit for the native heap growth. Please use -XX:HeapBaseMinAddress
#     to set the Java Heap base and to place the Java Heap above 32GB virtual address.
# This output file may be truncated or incomplete.
#
#  Out of Memory Error (allocation.cpp:44), pid=5032, tid=22772
#
# JRE version: Java(TM) SE Runtime Environment (20.0.1+9) (build 20.0.1+9-29)
# Java VM: Java HotSpot(TM) 64-Bit Server VM (20.0.1+9-29, mixed mode, emulated-client, sharing, tiered, compressed oops, compressed class ptrs, g1 gc, windows-amd64)
# No core dump will be written. Minidumps are not enabled by default on client versions of Windows
#

---------------  S U M M A R Y ------------

Command Line: -XX:TieredStopAtLevel=1 -Dspring.output.ansi.enabled=always -Dcom.sun.management.jmxremote -Dspring.jmx.enabled=true -Dspring.liveBeansView.mbeanDomain -Dspring.application.admin.enabled=true -Dmanagement.endpoints.jmx.exposure.include=* -javaagent:C:\Users\Silvia\AppData\Local\JetBrains\Toolbox\apps\IDEA-U\ch-0\232.8660.185\lib\idea_rt.jar=55989:C:\Users\Silvia\AppData\Local\JetBrains\Toolbox\apps\IDEA-U\ch-0\232.8660.185\bin -Dfile.encoding=UTF-8 -Dsun.stdout.encoding=UTF-8 -Dsun.stderr.encoding=UTF-8 com.studysphere.backend.BackendApplication

Host: Intel(R) Core(TM) i7-10870H CPU @ 2.20GHz, 16 cores, 15G,  Windows 10 , 64 bit Build 19041 (10.0.19041.3393)
Time: Mon Sep 25 16:22:56 2023 GTB Daylight Time elapsed time: 2926.738281 seconds (0d 0h 48m 46s)

---------------  T H R E A D  ---------------

Current thread (0x000001fb11330d30):  VMThread "VM Thread" [stack: 0x000000327c900000,0x000000327ca00000] [id=22772]

Stack: [0x000000327c900000,0x000000327ca00000]
Native frames: (J=compiled Java code, j=interpreted, Vv=VM code, C=native code)
V  [jvm.dll+0x6bb95a]
V  [jvm.dll+0x8485fa]
V  [jvm.dll+0x84a1f5]
V  [jvm.dll+0x84a8f3]
V  [jvm.dll+0x280b0f]
V  [jvm.dll+0xbcec5]
V  [jvm.dll+0x3493df]
V  [jvm.dll+0x3443de]
V  [jvm.dll+0x32af92]
V  [jvm.dll+0x3718d7]
V  [jvm.dll+0x85023e]
V  [jvm.dll+0x851351]
V  [jvm.dll+0x851859]
V  [jvm.dll+0x851ad3]
V  [jvm.dll+0x7f4b56]
V  [jvm.dll+0x6ba5cb]
C  [ucrtbase.dll+0x21bb2]
C  [KERNEL32.DLL+0x17344]
C  [ntdll.dll+0x526b1]

VM_Operation (0x000000327c0ff230): G1CollectFull, mode: safepoint, requested by thread 0x000001fb17f12360


---------------  P R O C E S S  ---------------

Threads class SMR info:
_java_thread_list=0x000001fb175857c0, length=15, elements={
0x000001fb11350080, 0x000001fb11350bc0, 0x000001fb11355da0, 0x000001fb113586f0,
0x000001fb11359440, 0x000001fb113611c0, 0x000001fb16108eb0, 0x000001fb11361710,
0x000001fb113601d0, 0x000001fb1135e1f0, 0x000001fb1135ec90, 0x000001fb11360c70,
0x000001fb17f118c0, 0x000001fb17f14890, 0x000001fb17f12360
}

Java Threads: ( => current thread )
  0x000001fb11350080 JavaThread "Reference Handler" daemon [_thread_blocked, id=22460, stack(0x000000327ca00000,0x000000327cb00000)]
  0x000001fb11350bc0 JavaThread "Finalizer" daemon [_thread_blocked, id=21572, stack(0x000000327cb00000,0x000000327cc00000)]
  0x000001fb11355da0 JavaThread "Signal Dispatcher" daemon [_thread_blocked, id=34736, stack(0x000000327cc00000,0x000000327cd00000)]
  0x000001fb113586f0 JavaThread "Attach Listener" daemon [_thread_blocked, id=30876, stack(0x000000327cd00000,0x000000327ce00000)]
  0x000001fb11359440 JavaThread "Service Thread" daemon [_thread_blocked, id=33348, stack(0x000000327ce00000,0x000000327cf00000)]
  0x000001fb113611c0 JavaThread "Monitor Deflation Thread" daemon [_thread_blocked, id=10048, stack(0x000000327cf00000,0x000000327d000000)]
  0x000001fb16108eb0 JavaThread "C1 CompilerThread0" daemon [_thread_blocked, id=31260, stack(0x000000327d000000,0x000000327d100000)]
  0x000001fb11361710 JavaThread "Common-Cleaner" daemon [_thread_blocked, id=30012, stack(0x000000327d100000,0x000000327d200000)]
  0x000001fb113601d0 JavaThread "Monitor Ctrl-Break" daemon [_thread_in_native, id=13124, stack(0x000000327d500000,0x000000327d600000)]
  0x000001fb1135e1f0 JavaThread "Notification Thread" daemon [_thread_blocked, id=31088, stack(0x000000327d600000,0x000000327d700000)]
  0x000001fb1135ec90 JavaThread "RMI TCP Accept-0" daemon [_thread_in_native, id=35140, stack(0x000000327d700000,0x000000327d800000)]
  0x000001fb11360c70 JavaThread "RMI Scheduler(0)" daemon [_thread_blocked, id=23724, stack(0x000000327ee00000,0x000000327ef00000)]
  0x000001fb17f118c0 JavaThread "Live Reload Server" daemon [_thread_in_native, id=22232, stack(0x000000327e700000,0x000000327e800000)]
  0x000001fb17f14890 JavaThread "DestroyJavaVM" [_thread_blocked, id=33540, stack(0x000000327c300000,0x000000327c400000)]
  0x000001fb17f12360 JavaThread "Thread-5" [_thread_blocked, id=29132, stack(0x000000327c000000,0x000000327c100000)]

Other Threads:
=>0x000001fb11330d30 VMThread "VM Thread" [stack: 0x000000327c900000,0x000000327ca00000] [id=22772]
  0x000001fb7df43e40 WatcherThread "VM Periodic Task Thread" [stack: 0x000000327d800000,0x000000327d900000] [id=7700]
  0x000001fb7dfb1870 WorkerThread "GC Thread#0" [stack: 0x000000327c400000,0x000000327c500000] [id=23592]
  0x000001fb161eae20 WorkerThread "GC Thread#1" [stack: 0x000000327d900000,0x000000327da00000] [id=26132]
  0x000001fb161ea880 WorkerThread "GC Thread#2" [stack: 0x000000327da00000,0x000000327db00000] [id=3892]
  0x000001fb161eab50 WorkerThread "GC Thread#3" [stack: 0x000000327db00000,0x000000327dc00000] [id=22704]
  0x000001fb161eb0f0 WorkerThread "GC Thread#4" [stack: 0x000000327dc00000,0x000000327dd00000] [id=26292]
  0x000001fb161eb3c0 WorkerThread "GC Thread#5" [stack: 0x000000327dd00000,0x000000327de00000] [id=29160]
  0x000001fb161e97a0 WorkerThread "GC Thread#6" [stack: 0x000000327de00000,0x000000327df00000] [id=32816]
  0x000001fb161e9d40 WorkerThread "GC Thread#7" [stack: 0x000000327e200000,0x000000327e300000] [id=34052]
  0x000001fb161ea010 WorkerThread "GC Thread#8" [stack: 0x000000327e300000,0x000000327e400000] [id=8204]
  0x000001fb173de330 WorkerThread "GC Thread#9" [stack: 0x000000327e400000,0x000000327e500000] [id=25520]
  0x000001fb173e1030 WorkerThread "GC Thread#10" [stack: 0x000000327e800000,0x000000327e900000] [id=11876]
  0x000001fb173de600 WorkerThread "GC Thread#11" [stack: 0x000000327e900000,0x000000327ea00000] [id=27160]
  0x000001fb173deba0 WorkerThread "GC Thread#12" [stack: 0x000000327ea00000,0x000000327eb00000] [id=6548]
  0x000001fb7dfc2770 ConcurrentGCThread "G1 Main Marker" [stack: 0x000000327c500000,0x000000327c600000] [id=29756]
  0x000001fb7dfc3940 WorkerThread "G1 Conc#0" [stack: 0x000000327c600000,0x000000327c700000] [id=21372]
  0x000001fb173e0220 WorkerThread "G1 Conc#1" [stack: 0x000000327eb00000,0x000000327ec00000] [id=20700]
  0x000001fb173e1300 WorkerThread "G1 Conc#2" [stack: 0x000000327ec00000,0x000000327ed00000] [id=7136]
  0x000001fb111f1020 ConcurrentGCThread "G1 Refine#0" [stack: 0x000000327c700000,0x000000327c800000] [id=7992]
  0x000001fb111f2970 ConcurrentGCThread "G1 Service" [stack: 0x000000327c800000,0x000000327c900000] [id=6868]

Threads with active compile tasks:

VM state: at safepoint (normal execution)

VM Mutex/Monitor currently owned by a thread:  ([mutex/lock_event])
[0x000001fb7df3dbe0] Threads_lock - owner thread: 0x000001fb11330d30
[0x000001fb7df3f260] Heap_lock - owner thread: 0x000001fb17f12360

Heap address: 0x0000000702800000, size: 4056 MB, Compressed Oops mode: Zero based, Oop shift amount: 3

CDS archive(s) mapped at: [0x0000000800000000-0x0000000800c60000-0x0000000800c60000), size 12976128, SharedBaseAddress: 0x0000000800000000, ArchiveRelocationMode: 0.
Compressed class space mapped at: 0x0000000801000000-0x0000000841000000, reserved size: 1073741824
Narrow klass base: 0x0000000800000000, Narrow klass shift: 0, Narrow klass range: 0x100000000

GC Precious Log:
 CardTable entry size: 512
 Card Set container configuration: InlinePtr #cards 4 size 8 Array Of Cards #cards 16 size 48 Howl #buckets 8 coarsen threshold 3686 Howl Bitmap #cards 512 size 80 coarsen threshold 460 Card regions per heap region 1 cards per card region 4096
 CPUs: 16 total, 16 available
 Memory: 16218M
 Large Page Support: Disabled
 NUMA Support: Disabled
 Compressed Oops: Enabled (Zero based)
 Heap Region Size: 2M
 Heap Min Capacity: 8M
 Heap Initial Capacity: 254M
 Heap Max Capacity: 4056M
 Pre-touch: Disabled
 Parallel Workers: 13
 Concurrent Workers: 3
 Concurrent Refinement Workers: 13
 Periodic GC: Disabled

Heap:
 garbage-first heap   total 61440K, used 42642K [0x0000000702800000, 0x0000000800000000)
  region size 2048K, 9 young (18432K), 2 survivors (4096K)
 Metaspace       used 67816K, committed 68928K, reserved 1114112K
  class space    used 9505K, committed 9920K, reserved 1048576K

Heap Regions: E=young(eden), S=young(survivor), O=old, HS=humongous(starts), HC=humongous(continues), CS=collection set, F=free, OA=open archive, CA=closed archive, TAMS=top-at-mark-start, PB=parsable bottom
|   0|0x0000000702800000, 0x0000000702a00000, 0x0000000702a00000|100%| O|  |TAMS 0x0000000702800000| PB 0x0000000702800000| Untracked 
|   1|0x0000000702a00000, 0x0000000702c00000, 0x0000000702c00000|100%| O|  |TAMS 0x0000000702a00000| PB 0x0000000702a00000| Untracked 
|   2|0x0000000702c00000, 0x0000000702e00000, 0x0000000702e00000|100%| O|  |TAMS 0x0000000702c00000| PB 0x0000000702c00000| Untracked 
|   3|0x0000000702e00000, 0x0000000703000000, 0x0000000703000000|100%| O|  |TAMS 0x0000000702e00000| PB 0x0000000702e00000| Untracked 
|   4|0x0000000703000000, 0x0000000703200000, 0x0000000703200000|100%| O|  |TAMS 0x0000000703000000| PB 0x0000000703000000| Untracked 
|   5|0x0000000703200000, 0x0000000703400000, 0x0000000703400000|100%| O|  |TAMS 0x0000000703200000| PB 0x0000000703200000| Untracked 
|   6|0x0000000703400000, 0x0000000703600000, 0x0000000703600000|100%| O|  |TAMS 0x0000000703400000| PB 0x0000000703400000| Untracked 
|   7|0x0000000703600000, 0x0000000703600000, 0x0000000703800000|  0%| F|  |TAMS 0x0000000703600000| PB 0x0000000703600000| Untracked 
|   8|0x0000000703800000, 0x00000007038fd000, 0x0000000703a00000| 49%| O|  |TAMS 0x0000000703800000| PB 0x0000000703800000| Untracked 
|   9|0x0000000703a00000, 0x0000000703c00000, 0x0000000703c00000|100%| O|  |TAMS 0x0000000703a00000| PB 0x0000000703a00000| Untracked 
|  10|0x0000000703c00000, 0x0000000703e00000, 0x0000000703e00000|100%| O|  |TAMS 0x0000000703c00000| PB 0x0000000703c00000| Untracked 
|  11|0x0000000703e00000, 0x0000000703ea78a0, 0x0000000704000000| 32%| S|CS|TAMS 0x0000000703e00000| PB 0x0000000703e00000| Complete 
|  12|0x0000000704000000, 0x0000000704200000, 0x0000000704200000|100%| S|CS|TAMS 0x0000000704000000| PB 0x0000000704000000| Complete 
|  13|0x0000000704200000, 0x0000000704400000, 0x0000000704400000|100%| O|  |TAMS 0x0000000704200000| PB 0x0000000704200000| Untracked 
|  14|0x0000000704400000, 0x0000000704600000, 0x0000000704600000|100%| O|  |TAMS 0x0000000704400000| PB 0x0000000704400000| Untracked 
|  15|0x0000000704600000, 0x0000000704800000, 0x0000000704800000|100%| O|  |TAMS 0x0000000704600000| PB 0x0000000704600000| Untracked 
|  16|0x0000000704800000, 0x0000000704a00000, 0x0000000704a00000|100%| O|  |TAMS 0x0000000704800000| PB 0x0000000704800000| Untracked 
|  17|0x0000000704a00000, 0x0000000704a00000, 0x0000000704c00000|  0%| F|  |TAMS 0x0000000704a00000| PB 0x0000000704a00000| Untracked 
|  18|0x0000000704c00000, 0x0000000704c00000, 0x0000000704e00000|  0%| F|  |TAMS 0x0000000704c00000| PB 0x0000000704c00000| Untracked 
|  19|0x0000000704e00000, 0x0000000704e00000, 0x0000000705000000|  0%| F|  |TAMS 0x0000000704e00000| PB 0x0000000704e00000| Untracked 
|  20|0x0000000705000000, 0x0000000705000000, 0x0000000705200000|  0%| F|  |TAMS 0x0000000705000000| PB 0x0000000705000000| Untracked 
|  21|0x0000000705200000, 0x0000000705200000, 0x0000000705400000|  0%| F|  |TAMS 0x0000000705200000| PB 0x0000000705200000| Untracked 
|  22|0x0000000705400000, 0x0000000705400000, 0x0000000705600000|  0%| F|  |TAMS 0x0000000705400000| PB 0x0000000705400000| Untracked 
|  23|0x0000000705600000, 0x00000007057c7878, 0x0000000705800000| 88%| E|  |TAMS 0x0000000705600000| PB 0x0000000705600000| Complete 
|  24|0x0000000705800000, 0x0000000705a00000, 0x0000000705a00000|100%| E|CS|TAMS 0x0000000705800000| PB 0x0000000705800000| Complete 
| 121|0x0000000711a00000, 0x0000000711c00000, 0x0000000711c00000|100%| E|CS|TAMS 0x0000000711a00000| PB 0x0000000711a00000| Complete 
| 122|0x0000000711c00000, 0x0000000711e00000, 0x0000000711e00000|100%| E|CS|TAMS 0x0000000711c00000| PB 0x0000000711c00000| Complete 
| 124|0x0000000712000000, 0x0000000712200000, 0x0000000712200000|100%| E|CS|TAMS 0x0000000712000000| PB 0x0000000712000000| Complete 
| 125|0x0000000712200000, 0x0000000712400000, 0x0000000712400000|100%| E|CS|TAMS 0x0000000712200000| PB 0x0000000712200000| Complete 
| 126|0x0000000712400000, 0x0000000712600000, 0x0000000712600000|100%| E|CS|TAMS 0x0000000712400000| PB 0x0000000712400000| Complete 

Card table byte_map: [0x000001fb7ee50000,0x000001fb7f640000] _byte_map_base: 0x000001fb7b63c000

Marking Bits: (CMBitMap*) 0x000001fb7dfb1ea0
 Bits: [0x000001fb0aff0000, 0x000001fb0ef50000)

Polling page: 0x000001fb7be80000

Metaspace:

Usage:
  Non-class:     56.94 MB used.
      Class:      9.28 MB used.
       Both:     66.23 MB used.

Virtual space:
  Non-class space:       64.00 MB reserved,      57.62 MB ( 90%) committed,  1 nodes.
      Class space:        1.00 GB reserved,       9.69 MB ( <1%) committed,  1 nodes.
             Both:        1.06 GB reserved,      67.31 MB (  6%) committed. 

Chunk freelists:
   Non-Class:  2.73 MB
       Class:  2.36 MB
        Both:  5.09 MB

MaxMetaspaceSize: unlimited
CompressedClassSpaceSize: 1.00 GB
Initial GC threshold: 21.00 MB
Current GC threshold: 112.12 MB
CDS: on
MetaspaceReclaimPolicy: balanced
 - commit_granule_bytes: 65536.
 - commit_granule_words: 8192.
 - virtual_space_node_default_size: 8388608.
 - enlarge_chunks_in_place: 1.
 - new_chunks_are_fully_committed: 0.
 - uncommit_free_chunks: 1.
 - use_allocation_guard: 0.


Internal statistics:

num_allocs_failed_limit: 9.
num_arena_births: 1216.
num_arena_deaths: 446.
num_vsnodes_births: 2.
num_vsnodes_deaths: 0.
num_space_committed: 1077.
num_space_uncommitted: 0.
num_chunks_returned_to_freelist: 524.
num_chunks_taken_from_freelist: 3674.
num_chunk_merges: 140.
num_chunk_splits: 2525.
num_chunks_enlarged: 1884.
num_inconsistent_stats: 0.

CodeCache: size=49152Kb used=13060Kb max_used=14501Kb free=36091Kb
 bounds [0x000001fb07ff0000, 0x000001fb08eb0000, 0x000001fb0aff0000]
 total_blobs=8056 nmethods=7325 adapters=655
 compilation: enabled
              stopped_count=0, restarted_count=0
 full_count=0

Compilation events (20 events):
Event: 2925.483 Thread 0x000001fb16108eb0 8295  s    1       org.apache.catalina.util.LifecycleBase::setStateInternal (144 bytes)
Event: 2925.484 Thread 0x000001fb16108eb0 nmethod 8295 0x000001fb08d45510 code [0x000001fb08d45720, 0x000001fb08d45e68]
Event: 2925.486 Thread 0x000001fb16108eb0 8296       1       ch.qos.logback.core.pattern.DynamicConverter::getFirstOption (35 bytes)
Event: 2925.486 Thread 0x000001fb16108eb0 nmethod 8296 0x000001fb08d45110 code [0x000001fb08d452c0, 0x000001fb08d45468]
Event: 2925.490 Thread 0x000001fb16108eb0 8299       1       org.springframework.boot.ansi.AnsiOutput::buildEnabled (127 bytes)
Event: 2925.490 Thread 0x000001fb16108eb0 nmethod 8299 0x000001fb08d44890 code [0x000001fb08d44a80, 0x000001fb08d44e10]
Event: 2925.490 Thread 0x000001fb16108eb0 8300       1       ch.qos.logback.core.pattern.CompositeConverter::convert (43 bytes)
Event: 2925.490 Thread 0x000001fb16108eb0 nmethod 8300 0x000001fb08d44210 code [0x000001fb08d443e0, 0x000001fb08d446b8]
Event: 2925.490 Thread 0x000001fb16108eb0 8297       1       org.springframework.boot.ansi.AnsiOutput::toString (32 bytes)
Event: 2925.490 Thread 0x000001fb16108eb0 nmethod 8297 0x000001fb08d43c90 code [0x000001fb08d43e60, 0x000001fb08d44088]
Event: 2925.490 Thread 0x000001fb16108eb0 8298       1       org.springframework.boot.ansi.AnsiOutput::isEnabled (46 bytes)
Event: 2925.490 Thread 0x000001fb16108eb0 nmethod 8298 0x000001fb08d43810 code [0x000001fb08d439c0, 0x000001fb08d43ba8]
Event: 2925.490 Thread 0x000001fb16108eb0 8301       1       org.springframework.boot.logging.logback.ColorConverter::transform (10 bytes)
Event: 2925.490 Thread 0x000001fb16108eb0 nmethod 8301 0x000001fb08d43490 code [0x000001fb08d43620, 0x000001fb08d43758]
Event: 2925.490 Thread 0x000001fb16108eb0 8302       1       org.springframework.boot.logging.logback.ColorConverter::transform (60 bytes)
Event: 2925.491 Thread 0x000001fb16108eb0 nmethod 8302 0x000001fb08d42990 code [0x000001fb08d42ba0, 0x000001fb08d43170]
Event: 2925.491 Thread 0x000001fb16108eb0 8303       1       org.springframework.boot.logging.logback.ColorConverter::toAnsiString (16 bytes)
Event: 2925.491 Thread 0x000001fb16108eb0 nmethod 8303 0x000001fb08d42110 code [0x000001fb08d422e0, 0x000001fb08d42790]
Event: 2926.474 Thread 0x000001fb16108eb0 8304       1       sun.security.ssl.SSLSocketImpl::isClosed (5 bytes)
Event: 2926.474 Thread 0x000001fb16108eb0 nmethod 8304 0x000001fb08d41e10 code [0x000001fb08d41f80, 0x000001fb08d42050]

GC Heap History (20 events):
Event: 21.337 GC heap after
{Heap after GC invocations=18 (full 0):
 garbage-first heap   total 61440K, used 30506K [0x0000000702800000, 0x0000000800000000)
  region size 2048K, 2 young (4096K), 2 survivors (4096K)
 Metaspace       used 65921K, committed 66752K, reserved 1114112K
  class space    used 9195K, committed 9536K, reserved 1048576K
}
Event: 21.499 GC heap before
{Heap before GC invocations=18 (full 0):
 garbage-first heap   total 61440K, used 30506K [0x0000000702800000, 0x0000000800000000)
  region size 2048K, 3 young (6144K), 2 survivors (4096K)
 Metaspace       used 66054K, committed 66880K, reserved 1114112K
  class space    used 9216K, committed 9600K, reserved 1048576K
}
Event: 21.501 GC heap after
{Heap after GC invocations=19 (full 0):
 garbage-first heap   total 61440K, used 30638K [0x0000000702800000, 0x0000000800000000)
  region size 2048K, 2 young (4096K), 2 survivors (4096K)
 Metaspace       used 66054K, committed 66880K, reserved 1114112K
  class space    used 9216K, committed 9600K, reserved 1048576K
}
Event: 192.733 GC heap before
{Heap before GC invocations=20 (full 0):
 garbage-first heap   total 61440K, used 49070K [0x0000000702800000, 0x0000000800000000)
  region size 2048K, 12 young (24576K), 2 survivors (4096K)
 Metaspace       used 68038K, committed 68864K, reserved 1114112K
  class space    used 9566K, committed 9920K, reserved 1048576K
}
Event: 192.735 GC heap after
{Heap after GC invocations=21 (full 0):
 garbage-first heap   total 61440K, used 30890K [0x0000000702800000, 0x0000000800000000)
  region size 2048K, 2 young (4096K), 2 survivors (4096K)
 Metaspace       used 68038K, committed 68864K, reserved 1114112K
  class space    used 9566K, committed 9920K, reserved 1048576K
}
Event: 543.509 GC heap before
{Heap before GC invocations=21 (full 0):
 garbage-first heap   total 61440K, used 51370K [0x0000000702800000, 0x0000000800000000)
  region size 2048K, 12 young (24576K), 2 survivors (4096K)
 Metaspace       used 68038K, committed 68864K, reserved 1114112K
  class space    used 9566K, committed 9920K, reserved 1048576K
}
Event: 543.512 GC heap after
{Heap after GC invocations=22 (full 0):
 garbage-first heap   total 61440K, used 30436K [0x0000000702800000, 0x0000000800000000)
  region size 2048K, 1 young (2048K), 1 survivors (2048K)
 Metaspace       used 68038K, committed 68864K, reserved 1114112K
  class space    used 9566K, committed 9920K, reserved 1048576K
}
Event: 928.767 GC heap before
{Heap before GC invocations=22 (full 0):
 garbage-first heap   total 61440K, used 52964K [0x0000000702800000, 0x0000000800000000)
  region size 2048K, 12 young (24576K), 1 survivors (2048K)
 Metaspace       used 68038K, committed 68864K, reserved 1114112K
  class space    used 9566K, committed 9920K, reserved 1048576K
}
Event: 928.770 GC heap after
{Heap after GC invocations=23 (full 0):
 garbage-first heap   total 61440K, used 30283K [0x0000000702800000, 0x0000000800000000)
  region size 2048K, 1 young (2048K), 1 survivors (2048K)
 Metaspace       used 68038K, committed 68864K, reserved 1114112K
  class space    used 9566K, committed 9920K, reserved 1048576K
}
Event: 1315.231 GC heap before
{Heap before GC invocations=24 (full 0):
 garbage-first heap   total 61440K, used 52811K [0x0000000702800000, 0x0000000800000000)
  region size 2048K, 12 young (24576K), 1 survivors (2048K)
 Metaspace       used 67608K, committed 68864K, reserved 1114112K
  class space    used 9456K, committed 9920K, reserved 1048576K
}
Event: 1315.234 GC heap after
{Heap after GC invocations=25 (full 0):
 garbage-first heap   total 61440K, used 30295K [0x0000000702800000, 0x0000000800000000)
  region size 2048K, 1 young (2048K), 1 survivors (2048K)
 Metaspace       used 67608K, committed 68864K, reserved 1114112K
  class space    used 9456K, committed 9920K, reserved 1048576K
}
Event: 1702.262 GC heap before
{Heap before GC invocations=25 (full 0):
 garbage-first heap   total 61440K, used 52823K [0x0000000702800000, 0x0000000800000000)
  region size 2048K, 12 young (24576K), 1 survivors (2048K)
 Metaspace       used 67608K, committed 68864K, reserved 1114112K
  class space    used 9456K, committed 9920K, reserved 1048576K
}
Event: 1702.265 GC heap after
{Heap after GC invocations=26 (full 0):
 garbage-first heap   total 61440K, used 28590K [0x0000000702800000, 0x0000000800000000)
  region size 2048K, 1 young (2048K), 1 survivors (2048K)
 Metaspace       used 67608K, committed 68864K, reserved 1114112K
  class space    used 9456K, committed 9920K, reserved 1048576K
}
Event: 2014.417 GC heap before
{Heap before GC invocations=26 (full 0):
 garbage-first heap   total 61440K, used 53166K [0x0000000702800000, 0x0000000800000000)
  region size 2048K, 13 young (26624K), 1 survivors (2048K)
 Metaspace       used 67631K, committed 68928K, reserved 1114112K
  class space    used 9461K, committed 9920K, reserved 1048576K
}
Event: 2014.420 GC heap after
{Heap after GC invocations=27 (full 0):
 garbage-first heap   total 61440K, used 29419K [0x0000000702800000, 0x0000000800000000)
  region size 2048K, 1 young (2048K), 1 survivors (2048K)
 Metaspace       used 67631K, committed 68928K, reserved 1114112K
  class space    used 9461K, committed 9920K, reserved 1048576K
}
Event: 2423.369 GC heap before
{Heap before GC invocations=28 (full 0):
 garbage-first heap   total 61440K, used 53995K [0x0000000702800000, 0x0000000800000000)
  region size 2048K, 13 young (26624K), 1 survivors (2048K)
 Metaspace       used 67631K, committed 68928K, reserved 1114112K
  class space    used 9461K, committed 9920K, reserved 1048576K
}
Event: 2423.371 GC heap after
{Heap after GC invocations=29 (full 0):
 garbage-first heap   total 61440K, used 29621K [0x0000000702800000, 0x0000000800000000)
  region size 2048K, 1 young (2048K), 1 survivors (2048K)
 Metaspace       used 67631K, committed 68928K, reserved 1114112K
  class space    used 9461K, committed 9920K, reserved 1048576K
}
Event: 2750.484 GC heap before
{Heap before GC invocations=29 (full 0):
 garbage-first heap   total 61440K, used 52149K [0x0000000702800000, 0x0000000800000000)
  region size 2048K, 13 young (26624K), 1 survivors (2048K)
 Metaspace       used 67663K, committed 68928K, reserved 1114112K
  class space    used 9468K, committed 9920K, reserved 1048576K
}
Event: 2750.487 GC heap after
{Heap after GC invocations=30 (full 0):
 garbage-first heap   total 61440K, used 30354K [0x0000000702800000, 0x0000000800000000)
  region size 2048K, 2 young (4096K), 2 survivors (4096K)
 Metaspace       used 67663K, committed 68928K, reserved 1114112K
  class space    used 9468K, committed 9920K, reserved 1048576K
}
Event: 2926.737 GC heap before
{Heap before GC invocations=30 (full 0):
 garbage-first heap   total 61440K, used 42642K [0x0000000702800000, 0x0000000800000000)
  region size 2048K, 9 young (18432K), 2 survivors (4096K)
 Metaspace       used 67816K, committed 68928K, reserved 1114112K
  class space    used 9505K, committed 9920K, reserved 1048576K
}

Dll operation events (14 events):
Event: 0.011 Loaded shared library C:\Program Files\Java\jdk-20\bin\java.dll
Event: 0.022 Loaded shared library C:\Program Files\Java\jdk-20\bin\jsvml.dll
Event: 0.162 Loaded shared library C:\Program Files\Java\jdk-20\bin\zip.dll
Event: 0.164 Loaded shared library C:\Program Files\Java\jdk-20\bin\instrument.dll
Event: 0.168 Loaded shared library C:\Program Files\Java\jdk-20\bin\net.dll
Event: 0.169 Loaded shared library C:\Program Files\Java\jdk-20\bin\nio.dll
Event: 0.175 Loaded shared library C:\Program Files\Java\jdk-20\bin\zip.dll
Event: 0.233 Loaded shared library C:\Users\Silvia\AppData\Local\JetBrains\Toolbox\apps\IDEA-U\ch-0\232.8660.185\bin\breakgen64.dll
Event: 0.240 Loaded shared library C:\Program Files\Java\jdk-20\bin\jimage.dll
Event: 0.243 Loaded shared library C:\Program Files\Java\jdk-20\bin\extnet.dll
Event: 0.257 Loaded shared library C:\Program Files\Java\jdk-20\bin\management.dll
Event: 0.264 Loaded shared library C:\Program Files\Java\jdk-20\bin\management_ext.dll
Event: 2.577 Loaded shared library C:\Program Files\Java\jdk-20\bin\sunmscapi.dll
Event: 3.092 Loaded shared library C:\Program Files\Java\jdk-20\bin\verify.dll

Deoptimization events (18 events):
Event: 0.357 Thread 0x000001fb7df42f50 DEOPT PACKING pc=0x000001fb083d955d sp=0x000000327c3fd540
Event: 0.357 Thread 0x000001fb7df42f50 DEOPT UNPACKING pc=0x000001fb0805a4c2 sp=0x000000327c3fc9f0 mode 3
Event: 0.362 Thread 0x000001fb7df42f50 DEOPT PACKING pc=0x000001fb083eba60 sp=0x000000327c3fd510
Event: 0.362 Thread 0x000001fb7df42f50 DEOPT UNPACKING pc=0x000001fb0805a4c2 sp=0x000000327c3fc9c8 mode 3
Event: 1.109 Thread 0x000001fb11360720 DEOPT PACKING pc=0x000001fb087cefe1 sp=0x000000327e0fcf40
Event: 1.109 Thread 0x000001fb11360720 DEOPT UNPACKING pc=0x000001fb0805a4c2 sp=0x000000327e0fc420 mode 3
Event: 2.523 Thread 0x000001fb11360720 DEOPT PACKING pc=0x000001fb08a63575 sp=0x000000327e0fcf00
Event: 2.523 Thread 0x000001fb11360720 DEOPT UNPACKING pc=0x000001fb0805a4c2 sp=0x000000327e0fc468 mode 3
Event: 13.260 Thread 0x000001fb11360720 DEOPT PACKING pc=0x000001fb08809644 sp=0x000000327e0fbf20
Event: 13.260 Thread 0x000001fb11360720 DEOPT UNPACKING pc=0x000001fb0805a4c2 sp=0x000000327e0fb478 mode 0
Event: 13.610 Thread 0x000001fb11360720 DEOPT PACKING pc=0x000001fb08801971 sp=0x000000327e0fd9a0
Event: 13.610 Thread 0x000001fb11360720 DEOPT UNPACKING pc=0x000001fb0805a4c2 sp=0x000000327e0fcea8 mode 3
Event: 50.205 Thread 0x000001fb17f0ee40 DEOPT PACKING pc=0x000001fb0827fda6 sp=0x000000327f6fcc20
Event: 50.205 Thread 0x000001fb17f0ee40 DEOPT UNPACKING pc=0x000001fb0805a4c2 sp=0x000000327f6fc128 mode 3
Event: 2314.356 Thread 0x000001fb17f138a0 DEOPT PACKING pc=0x000001fb0841b341 sp=0x000000327faf9f30
Event: 2314.356 Thread 0x000001fb17f138a0 DEOPT UNPACKING pc=0x000001fb0805a4c2 sp=0x000000327faf94c0 mode 3
Event: 2317.217 Thread 0x000001fb17f138a0 DEOPT PACKING pc=0x000001fb0818096b sp=0x000000327fafc920
Event: 2317.217 Thread 0x000001fb17f138a0 DEOPT UNPACKING pc=0x000001fb0805a4c2 sp=0x000000327fafbe20 mode 3

Classes loaded (20 events):
Event: 23.403 Loading class java/util/stream/DoubleStream
Event: 23.404 Loading class java/util/stream/DoubleStream done
Event: 40.986 Loading class java/util/AbstractMap$SimpleEntry
Event: 40.986 Loading class java/util/AbstractMap$SimpleEntry done
Event: 1762.648 Loading class sun/security/ssl/Alert
Event: 1762.648 Loading class sun/security/ssl/Alert done
Event: 1762.648 Loading class sun/security/ssl/Alert$AlertConsumer
Event: 1762.649 Loading class sun/security/ssl/Alert$AlertConsumer done
Event: 1762.649 Loading class sun/security/ssl/Alert$Level
Event: 1762.649 Loading class sun/security/ssl/Alert$Level done
Event: 1772.240 Loading class sun/net/ConnectionResetException
Event: 1772.240 Loading class sun/net/ConnectionResetException done
Event: 2655.619 Loading class java/util/concurrent/locks/ReentrantReadWriteLock$Sync$HoldCounter
Event: 2655.619 Loading class java/util/concurrent/locks/ReentrantReadWriteLock$Sync$HoldCounter done
Event: 2925.457 Loading class java/util/Collections$ReverseComparator
Event: 2925.457 Loading class java/util/Collections$ReverseComparator done
Event: 2925.482 Loading class java/util/concurrent/locks/AbstractQueuedSynchronizer$SharedNode
Event: 2925.482 Loading class java/util/concurrent/locks/AbstractQueuedSynchronizer$SharedNode done
Event: 2925.483 Loading class javax/management/ObjectName$PatternProperty
Event: 2925.483 Loading class javax/management/ObjectName$PatternProperty done

Classes unloaded (20 events):
Event: 928.792 Thread 0x000001fb11330d30 Unloading class 0x000000080100bc00 'java/lang/invoke/LambdaForm$MH+0x000000080100bc00'
Event: 928.792 Thread 0x000001fb11330d30 Unloading class 0x000000080100b800 'java/lang/invoke/LambdaForm$DMH+0x000000080100b800'
Event: 928.792 Thread 0x000001fb11330d30 Unloading class 0x000000080100b400 'java/lang/invoke/LambdaForm$DMH+0x000000080100b400'
Event: 928.792 Thread 0x000001fb11330d30 Unloading class 0x000000080100a800 'java/lang/invoke/LambdaForm$MH+0x000000080100a800'
Event: 928.792 Thread 0x000001fb11330d30 Unloading class 0x0000000801009c00 'java/lang/invoke/LambdaForm$MH+0x0000000801009c00'
Event: 928.792 Thread 0x000001fb11330d30 Unloading class 0x0000000801009800 'java/lang/invoke/LambdaForm$MH+0x0000000801009800'
Event: 928.792 Thread 0x000001fb11330d30 Unloading class 0x0000000801009400 'java/lang/invoke/LambdaForm$MH+0x0000000801009400'
Event: 928.792 Thread 0x000001fb11330d30 Unloading class 0x0000000801008c00 'java/lang/invoke/LambdaForm$MH+0x0000000801008c00'
Event: 928.792 Thread 0x000001fb11330d30 Unloading class 0x0000000801008000 'java/lang/invoke/LambdaForm$MH+0x0000000801008000'
Event: 928.792 Thread 0x000001fb11330d30 Unloading class 0x0000000801006c00 'java/lang/invoke/LambdaForm$MH+0x0000000801006c00'
Event: 928.792 Thread 0x000001fb11330d30 Unloading class 0x0000000801006800 'java/lang/invoke/LambdaForm$MH+0x0000000801006800'
Event: 928.792 Thread 0x000001fb11330d30 Unloading class 0x0000000801006000 'java/lang/invoke/LambdaForm$MH+0x0000000801006000'
Event: 928.792 Thread 0x000001fb11330d30 Unloading class 0x0000000801005800 'java/lang/invoke/LambdaForm$MH+0x0000000801005800'
Event: 928.792 Thread 0x000001fb11330d30 Unloading class 0x0000000801005000 'java/lang/invoke/LambdaForm$MH+0x0000000801005000'
Event: 928.792 Thread 0x000001fb11330d30 Unloading class 0x0000000801004800 'java/lang/invoke/LambdaForm$MH+0x0000000801004800'
Event: 928.792 Thread 0x000001fb11330d30 Unloading class 0x0000000801004000 'java/lang/invoke/LambdaForm$MH+0x0000000801004000'
Event: 928.792 Thread 0x000001fb11330d30 Unloading class 0x0000000801002400 'java/lang/invoke/LambdaForm$MH+0x0000000801002400'
Event: 928.792 Thread 0x000001fb11330d30 Unloading class 0x0000000801002000 'java/lang/invoke/LambdaForm$MH+0x0000000801002000'
Event: 928.792 Thread 0x000001fb11330d30 Unloading class 0x0000000801001c00 'java/lang/invoke/LambdaForm$MH+0x0000000801001c00'
Event: 928.792 Thread 0x000001fb11330d30 Unloading class 0x0000000801001400 'java/lang/invoke/LambdaForm$MH+0x0000000801001400'

Classes redefined (0 events):
No events

Internal exceptions (20 events):
Event: 1802.106 Thread 0x000001fb17f12360 Exception <a 'java/io/FileNotFoundException'{0x0000000705815f58}> (0x0000000705815f58) 
thrown [s\open\src\hotspot\share\prims\jni.cpp, line 519]
Event: 1809.920 Thread 0x000001fb17f15330 Exception <a 'sun/net/ConnectionResetException'{0x00000007058d0eb0}: Connection reset> (0x00000007058d0eb0) 
thrown [s\open\src\hotspot\share\prims\jni.cpp, line 538]
Event: 1810.162 Thread 0x000001fb17f12360 Exception <a 'java/io/FileNotFoundException'{0x0000000705918638}> (0x0000000705918638) 
thrown [s\open\src\hotspot\share\prims\jni.cpp, line 519]
Event: 1811.174 Thread 0x000001fb17f12360 Exception <a 'java/io/FileNotFoundException'{0x00000007059a4160}> (0x00000007059a4160) 
thrown [s\open\src\hotspot\share\prims\jni.cpp, line 519]
Event: 1812.179 Thread 0x000001fb17f15330 Exception <a 'sun/net/ConnectionResetException'{0x00000007058d3780}: Connection reset> (0x00000007058d3780) 
thrown [s\open\src\hotspot\share\prims\jni.cpp, line 538]
Event: 1812.462 Thread 0x000001fb17f12360 Exception <a 'java/io/FileNotFoundException'{0x00000007056304c8}> (0x00000007056304c8) 
thrown [s\open\src\hotspot\share\prims\jni.cpp, line 519]
Event: 2314.356 Thread 0x000001fb17f138a0 Implicit null exception at 0x000001fb0841aec4 to 0x000001fb0841b33c
Event: 2656.053 Thread 0x000001fb17f14340 Exception <a 'sun/net/ConnectionResetException'{0x0000000705486d80}: Connection reset> (0x0000000705486d80) 
thrown [s\open\src\hotspot\share\prims\jni.cpp, line 538]
Event: 2656.053 Thread 0x000001fb17f14340 Exception <a 'java/io/IOException'{0x0000000705488e70}: Connection reset by peer> (0x0000000705488e70) 
thrown [s\open\src\hotspot\share\prims\jni.cpp, line 538]
Event: 2656.454 Thread 0x000001fb17f0f8e0 Exception <a 'java/io/FileNotFoundException'{0x000000070521e1a8}> (0x000000070521e1a8) 
thrown [s\open\src\hotspot\share\prims\jni.cpp, line 519]
Event: 2749.152 Thread 0x000001fb17f138a0 Exception <a 'sun/net/ConnectionResetException'{0x0000000704c38dc8}: Connection reset> (0x0000000704c38dc8) 
thrown [s\open\src\hotspot\share\prims\jni.cpp, line 538]
Event: 2749.152 Thread 0x000001fb17f138a0 Exception <a 'java/io/IOException'{0x0000000704ce3da0}: Connection reset by peer> (0x0000000704ce3da0) 
thrown [s\open\src\hotspot\share\prims\jni.cpp, line 538]
Event: 2749.278 Thread 0x000001fb17f138a0 Exception <a 'sun/net/ConnectionResetException'{0x0000000704ce8bf0}: Connection reset> (0x0000000704ce8bf0) 
thrown [s\open\src\hotspot\share\prims\jni.cpp, line 538]
Event: 2749.278 Thread 0x000001fb17f138a0 Exception <a 'java/io/IOException'{0x0000000704d059e8}: Connection reset by peer> (0x0000000704d059e8) 
thrown [s\open\src\hotspot\share\prims\jni.cpp, line 538]
Event: 2749.412 Thread 0x000001fb17f138a0 Exception <a 'sun/net/ConnectionResetException'{0x0000000704d0a578}: Connection reset> (0x0000000704d0a578) 
thrown [s\open\src\hotspot\share\prims\jni.cpp, line 538]
Event: 2749.412 Thread 0x000001fb17f138a0 Exception <a 'java/io/IOException'{0x0000000704d45180}: Connection reset by peer> (0x0000000704d45180) 
thrown [s\open\src\hotspot\share\prims\jni.cpp, line 538]
Event: 2749.540 Thread 0x000001fb17f0fe30 Exception <a 'java/io/FileNotFoundException'{0x0000000704d79030}> (0x0000000704d79030) 
thrown [s\open\src\hotspot\share\prims\jni.cpp, line 519]
Event: 2750.624 Thread 0x000001fb17f0fe30 Exception <a 'java/io/FileNotFoundException'{0x00000007124855d8}> (0x00000007124855d8) 
thrown [s\open\src\hotspot\share\prims\jni.cpp, line 519]
Event: 2751.721 Thread 0x000001fb17f0fe30 Exception <a 'java/io/FileNotFoundException'{0x00000007125129b8}> (0x00000007125129b8) 
thrown [s\open\src\hotspot\share\prims\jni.cpp, line 519]
Event: 2925.483 Thread 0x000001fb17f11370 Exception <a 'java/lang/InterruptedException'{0x000000070574e360}: sleep interrupted> (0x000000070574e360) 
thrown [s\open\src\hotspot\share\prims\jvm.cpp, line 3086]

VM Operations (20 events):
Event: 2749.241 Executing VM operation: Cleanup done
Event: 2750.255 Executing VM operation: Cleanup
Event: 2750.256 Executing VM operation: Cleanup done
Event: 2750.484 Executing VM operation: G1CollectForAllocation
Event: 2750.487 Executing VM operation: G1CollectForAllocation done
Event: 2751.498 Executing VM operation: Cleanup
Event: 2751.498 Executing VM operation: Cleanup done
Event: 2756.550 Executing VM operation: Cleanup
Event: 2756.550 Executing VM operation: Cleanup done
Event: 2757.553 Executing VM operation: Cleanup
Event: 2757.553 Executing VM operation: Cleanup done
Event: 2785.858 Executing VM operation: Cleanup
Event: 2785.858 Executing VM operation: Cleanup done
Event: 2786.873 Executing VM operation: Cleanup
Event: 2786.873 Executing VM operation: Cleanup done
Event: 2925.151 Executing VM operation: Cleanup
Event: 2925.151 Executing VM operation: Cleanup done
Event: 2926.155 Executing VM operation: Cleanup
Event: 2926.155 Executing VM operation: Cleanup done
Event: 2926.737 Executing VM operation: G1CollectFull

Events (20 events):
Event: 2925.456 Thread 0x000001fb17f12360 Thread added: 0x000001fb17f12360
Event: 2925.456 Thread 0x000001fb17f15880 Thread exited: 0x000001fb17f15880
Event: 2925.474 Thread 0x000001fb17f13df0 Thread exited: 0x000001fb17f13df0
Event: 2925.482 Thread 0x000001fb17f0f390 Thread exited: 0x000001fb17f0f390
Event: 2925.482 Thread 0x000001fb17f0ee40 Thread exited: 0x000001fb17f0ee40
Event: 2925.482 Thread 0x000001fb17f16320 Thread exited: 0x000001fb17f16320
Event: 2925.482 Thread 0x000001fb17f14340 Thread exited: 0x000001fb17f14340
Event: 2925.482 Thread 0x000001fb17f12e00 Thread exited: 0x000001fb17f12e00
Event: 2925.482 Thread 0x000001fb17f14de0 Thread exited: 0x000001fb17f14de0
Event: 2925.482 Thread 0x000001fb17f11e10 Thread exited: 0x000001fb17f11e10
Event: 2925.482 Thread 0x000001fb17f16870 Thread exited: 0x000001fb17f16870
Event: 2925.482 Thread 0x000001fb17f10e20 Thread exited: 0x000001fb17f10e20
Event: 2925.482 Thread 0x000001fb17f138a0 Thread exited: 0x000001fb17f138a0
Event: 2925.482 Thread 0x000001fb17f108d0 Thread exited: 0x000001fb17f108d0
Event: 2925.483 Thread 0x000001fb17f128b0 Thread exited: 0x000001fb17f128b0
Event: 2925.483 Thread 0x000001fb17f11370 Thread exited: 0x000001fb17f11370
Event: 2925.483 Thread 0x000001fb17f10380 Thread exited: 0x000001fb17f10380
Event: 2925.490 Thread 0x000001fb17f0fe30 Thread added: 0x000001fb17f0fe30
Event: 2925.490 Thread 0x000001fb17f13350 Thread exited: 0x000001fb17f13350
Event: 2926.736 Thread 0x000001fb17f0fe30 Thread exited: 0x000001fb17f0fe30


Dynamic libraries:
0x00007ff6d6070000 - 0x00007ff6d6080000 	C:\Program Files\Java\jdk-20\bin\java.exe
0x00007ffc1fef0000 - 0x00007ffc200e8000 	C:\Windows\SYSTEM32\ntdll.dll
0x00007ffbf0df0000 - 0x00007ffbf0e09000 	C:\Program Files\Avast Software\Avast\aswhook.dll
0x00007ffc1f330000 - 0x00007ffc1f3ed000 	C:\Windows\System32\KERNEL32.DLL
0x00007ffc1d5d0000 - 0x00007ffc1d8c6000 	C:\Windows\System32\KERNELBASE.dll
0x00007ffc1d8d0000 - 0x00007ffc1d9d0000 	C:\Windows\System32\ucrtbase.dll
0x00007ffc16090000 - 0x00007ffc160a9000 	C:\Program Files\Java\jdk-20\bin\jli.dll
0x00007ffc0cda0000 - 0x00007ffc0cdbb000 	C:\Program Files\Java\jdk-20\bin\VCRUNTIME140.dll
0x00007ffc1e650000 - 0x00007ffc1e6fe000 	C:\Windows\System32\ADVAPI32.dll
0x00007ffc1e2e0000 - 0x00007ffc1e37e000 	C:\Windows\System32\msvcrt.dll
0x00007ffc1e5b0000 - 0x00007ffc1e64c000 	C:\Windows\System32\sechost.dll
0x00007ffc1e710000 - 0x00007ffc1e836000 	C:\Windows\System32\RPCRT4.dll
0x00007ffc1e410000 - 0x00007ffc1e5ae000 	C:\Windows\System32\USER32.dll
0x00007ffc00560000 - 0x00007ffc007fa000 	C:\Windows\WinSxS\amd64_microsoft.windows.common-controls_6595b64144ccf1df_6.0.19041.1110_none_60b5254171f9507e\COMCTL32.dll
0x00007ffc1db20000 - 0x00007ffc1db42000 	C:\Windows\System32\win32u.dll
0x00007ffc1e030000 - 0x00007ffc1e05c000 	C:\Windows\System32\GDI32.dll
0x00007ffc1dde0000 - 0x00007ffc1defa000 	C:\Windows\System32\gdi32full.dll
0x00007ffc1dcb0000 - 0x00007ffc1dd4d000 	C:\Windows\System32\msvcp_win.dll
0x00007ffc16d20000 - 0x00007ffc16d2a000 	C:\Windows\SYSTEM32\VERSION.dll
0x00007ffc1df50000 - 0x00007ffc1df80000 	C:\Windows\System32\IMM32.DLL
0x00007ffc17fb0000 - 0x00007ffc17fbc000 	C:\Program Files\Java\jdk-20\bin\vcruntime140_1.dll
0x00007ffbdec20000 - 0x00007ffbdecae000 	C:\Program Files\Java\jdk-20\bin\msvcp140.dll
0x00007ffbda9d0000 - 0x00007ffbdb667000 	C:\Program Files\Java\jdk-20\bin\server\jvm.dll
0x00007ffc179e0000 - 0x00007ffc179e9000 	C:\Windows\SYSTEM32\WSOCK32.dll
0x00007ffc0b810000 - 0x00007ffc0b837000 	C:\Windows\SYSTEM32\WINMM.dll
0x00007ffc1fe40000 - 0x00007ffc1feab000 	C:\Windows\System32\WS2_32.dll
0x00007ffc1bdf0000 - 0x00007ffc1be02000 	C:\Windows\SYSTEM32\kernel.appcore.dll
0x00007ffc17f60000 - 0x00007ffc17f6a000 	C:\Program Files\Java\jdk-20\bin\jimage.dll
0x00007ffc1b360000 - 0x00007ffc1b544000 	C:\Windows\SYSTEM32\DBGHELP.DLL
0x00007ffc103a0000 - 0x00007ffc103d4000 	C:\Windows\SYSTEM32\dbgcore.DLL
0x00007ffc1dd50000 - 0x00007ffc1ddd2000 	C:\Windows\System32\bcryptPrimitives.dll
0x00007ffc1a8a0000 - 0x00007ffc1a8ae000 	C:\Program Files\Java\jdk-20\bin\instrument.dll
0x00007ffc0cbb0000 - 0x00007ffc0cbd6000 	C:\Program Files\Java\jdk-20\bin\java.dll
0x00007ffbde0f0000 - 0x00007ffbde1c7000 	C:\Program Files\Java\jdk-20\bin\jsvml.dll
0x00007ffc1f6f0000 - 0x00007ffc1fe35000 	C:\Windows\System32\SHELL32.dll
0x00007ffc1b550000 - 0x00007ffc1bceb000 	C:\Windows\SYSTEM32\windows.storage.dll
0x00007ffc1eeb0000 - 0x00007ffc1f204000 	C:\Windows\System32\combase.dll
0x00007ffc1d010000 - 0x00007ffc1d03e000 	C:\Windows\SYSTEM32\Wldp.dll
0x00007ffc1ed90000 - 0x00007ffc1ee3d000 	C:\Windows\System32\SHCORE.dll
0x00007ffc1e060000 - 0x00007ffc1e0b5000 	C:\Windows\System32\shlwapi.dll
0x00007ffc1d500000 - 0x00007ffc1d525000 	C:\Windows\SYSTEM32\profapi.dll
0x00007ffc17d50000 - 0x00007ffc17d68000 	C:\Program Files\Java\jdk-20\bin\zip.dll
0x00007ffc0ccd0000 - 0x00007ffc0cce3000 	C:\Program Files\Java\jdk-20\bin\net.dll
0x00007ffc14190000 - 0x00007ffc1429a000 	C:\Windows\SYSTEM32\WINHTTP.dll
0x00007ffc1cd70000 - 0x00007ffc1cdda000 	C:\Windows\system32\mswsock.dll
0x00007ffc0cb90000 - 0x00007ffc0cba6000 	C:\Program Files\Java\jdk-20\bin\nio.dll
0x00007ffc18120000 - 0x00007ffc1813a000 	C:\Users\Silvia\AppData\Local\JetBrains\Toolbox\apps\IDEA-U\ch-0\232.8660.185\bin\breakgen64.dll
0x00007ffc17d40000 - 0x00007ffc17d47000 	C:\Program Files\Java\jdk-20\bin\extnet.dll
0x00007ffc1ca50000 - 0x00007ffc1cb1a000 	C:\Windows\SYSTEM32\DNSAPI.dll
0x00007ffc1ca10000 - 0x00007ffc1ca4b000 	C:\Windows\SYSTEM32\IPHLPAPI.DLL
0x00007ffc1eea0000 - 0x00007ffc1eea8000 	C:\Windows\System32\NSI.dll
0x00007ffc15140000 - 0x00007ffc1514a000 	C:\Windows\System32\rasadhlp.dll
0x00007ffc130e0000 - 0x00007ffc13162000 	C:\Windows\System32\fwpuclnt.dll
0x00007ffc1da80000 - 0x00007ffc1daa7000 	C:\Windows\System32\bcrypt.dll
0x00007ffc18040000 - 0x00007ffc1804a000 	C:\Program Files\Java\jdk-20\bin\management.dll
0x00007ffc18030000 - 0x00007ffc1803b000 	C:\Program Files\Java\jdk-20\bin\management_ext.dll
0x00007ffc1e700000 - 0x00007ffc1e708000 	C:\Windows\System32\PSAPI.DLL
0x00007ffc1cf70000 - 0x00007ffc1cf88000 	C:\Windows\SYSTEM32\CRYPTSP.dll
0x00007ffc1c610000 - 0x00007ffc1c644000 	C:\Windows\system32\rsaenh.dll
0x00007ffc1d480000 - 0x00007ffc1d4ae000 	C:\Windows\SYSTEM32\USERENV.dll
0x00007ffc1cf60000 - 0x00007ffc1cf6c000 	C:\Windows\SYSTEM32\CRYPTBASE.dll
0x00007ffc16360000 - 0x00007ffc16377000 	C:\Windows\SYSTEM32\dhcpcsvc6.DLL
0x00007ffc15b60000 - 0x00007ffc15b7d000 	C:\Windows\SYSTEM32\dhcpcsvc.DLL
0x00007ffbef320000 - 0x00007ffbef337000 	C:\Windows\system32\napinsp.dll
0x00007ffbeee30000 - 0x00007ffbeee4b000 	C:\Windows\system32\pnrpnsp.dll
0x00007ffc18380000 - 0x00007ffc18395000 	C:\Windows\system32\wshbth.dll
0x00007ffc1a870000 - 0x00007ffc1a88d000 	C:\Windows\system32\NLAapi.dll
0x00007ffbf9b80000 - 0x00007ffbf9b92000 	C:\Windows\System32\winrnr.dll
0x00007ffc17f70000 - 0x00007ffc17f7e000 	C:\Program Files\Java\jdk-20\bin\sunmscapi.dll
0x00007ffc1db50000 - 0x00007ffc1dcae000 	C:\Windows\System32\CRYPT32.dll
0x00007ffc1d080000 - 0x00007ffc1d0a8000 	C:\Windows\SYSTEM32\ncrypt.dll
0x00007ffc1d040000 - 0x00007ffc1d07b000 	C:\Windows\SYSTEM32\NTASN1.dll
0x00007ffc17aa0000 - 0x00007ffc17ab0000 	C:\Program Files\Java\jdk-20\bin\verify.dll
0x00007ffbf0de0000 - 0x00007ffbf0de7000 	C:\Windows\system32\wshunix.dll

dbghelp: loaded successfully - version: 4.0.5 - missing functions: none
symbol engine: initialized successfully - sym options: 0x614 - pdb path: .;C:\Program Files\Java\jdk-20\bin;C:\Windows\SYSTEM32;C:\Program Files\Avast Software\Avast;C:\Windows\WinSxS\amd64_microsoft.windows.common-controls_6595b64144ccf1df_6.0.19041.1110_none_60b5254171f9507e;C:\Program Files\Java\jdk-20\bin\server;C:\Users\Silvia\AppData\Local\JetBrains\Toolbox\apps\IDEA-U\ch-0\232.8660.185\bin

VM Arguments:
jvm_args: -XX:TieredStopAtLevel=1 -Dspring.output.ansi.enabled=always -Dcom.sun.management.jmxremote -Dspring.jmx.enabled=true -Dspring.liveBeansView.mbeanDomain -Dspring.application.admin.enabled=true -Dmanagement.endpoints.jmx.exposure.include=* -javaagent:C:\Users\Silvia\AppData\Local\JetBrains\Toolbox\apps\IDEA-U\ch-0\232.8660.185\lib\idea_rt.jar=55989:C:\Users\Silvia\AppData\Local\JetBrains\Toolbox\apps\IDEA-U\ch-0\232.8660.185\bin -Dfile.encoding=UTF-8 -Dsun.stdout.encoding=UTF-8 -Dsun.stderr.encoding=UTF-8 
java_command: com.studysphere.backend.BackendApplication
java_class_path (initial): D:\Codecool\Advanced-Java Spring\TW1\el-proyecte-grande-sprint-1-java-SinzianaBab\Backend\target\classes;C:\Users\Silvia\.m2\repository\org\springframework\boot\spring-boot-starter-data-jpa\3.1.3\spring-boot-starter-data-jpa-3.1.3.jar;C:\Users\Silvia\.m2\repository\org\springframework\boot\spring-boot-starter-aop\3.1.3\spring-boot-starter-aop-3.1.3.jar;C:\Users\Silvia\.m2\repository\org\springframework\spring-aop\6.0.11\spring-aop-6.0.11.jar;C:\Users\Silvia\.m2\repository\org\aspectj\aspectjweaver\1.9.20\aspectjweaver-1.9.20.jar;C:\Users\Silvia\.m2\repository\org\hibernate\orm\hibernate-core\6.2.7.Final\hibernate-core-6.2.7.Final.jar;C:\Users\Silvia\.m2\repository\jakarta\persistence\jakarta.persistence-api\3.1.0\jakarta.persistence-api-3.1.0.jar;C:\Users\Silvia\.m2\repository\jakarta\transaction\jakarta.transaction-api\2.0.1\jakarta.transaction-api-2.0.1.jar;C:\Users\Silvia\.m2\repository\org\jboss\logging\jboss-logging\3.5.3.Final\jboss-logging-3.5.3.Final.jar;C:\Users\Silvia\.m2\repository\org\hibernate\common\hibernate-commons-annotations\6.0.6.Final\hibernate-commons-annotations-6.0.6.Final.jar;C:\Users\Silvia\.m2\repository\io\smallrye\jandex\3.0.5\jandex-3.0.5.jar;C:\Users\Silvia\.m2\repository\com\fasterxml\classmate\1.5.1\classmate-1.5.1.jar;C:\Users\Silvia\.m2\repository\net\bytebuddy\byte-buddy\1.14.6\byte-buddy-1.14.6.jar;C:\Users\Silvia\.m2\repository\org\glassfish\jaxb\jaxb-runtime\4.0.3\jaxb-runtime-4.0.3.jar;C:\Users\Silvia\.m2\repository\org\glassfish\jaxb\jaxb-core\4.0.3\jaxb-core-4.0.3.jar;C:\Users\Silvia\.m2\repository\org\eclipse\angus\angus-activation\2.0.1\angus-activation-2.0.1.jar;C:\Users\Silvia\.m2\repository\org\glassfish\jaxb\txw2\4.0.3\txw2-4.0.3.jar;C:\Users\Silvia\.m2\repository\com\sun\istack\istack-commons-runtime\4.1.2\istack-commons-runtime-4.1.2.jar;C:\Users\Silvia\.m2\repository\jakarta\inject\jakarta.inject-api\2.0.1\jakarta.inject-api-2.0.1.jar;C:\Users\Silvia\.m2\repository\org\antlr\antlr4-runtime\4.10.1\antlr4-runtime-4.10.1.jar;C:\Users\Silvia\.m2\repository\org\springframework\data\spring-data-jpa\3.1.3\spring-data-jpa-3.1.3.jar;C:\Users\Silvia\.m2\repository\org\springframework\data\spring-data-commons\3.1.3\spring-data-commons-3.1.3.jar;C:\Users\Silvia\.m2\repository\org\springframework\spring-orm\6.0.11\spring-orm-6.0.11.jar;C:\Users\Silvia\.m2\repository\org\springframework\spring-context\6.0.11\spring-context-6.0.11.jar;C:\Users\Silvia\.m2\repository\org\springframework\spring-tx\6.0.11\spring-tx-6.0.11.jar;C:\Users\Silvia\.m2\repository\org\springframework\spring-beans\6.0.11\spring-beans-6.0.11.jar;C:\Users\Silvia\.m2\repository\jakarta\annotation\jakarta.annotation-api\2.1.1\jakarta.annotation-api-2.1.1.jar;C:\Users\Silvia\.m2\repository\org\slf4j\slf4j-api\2.0.7\slf4j-api-2.0.7.jar;C:\Users\Silvia\.m2\repository\org\springframework\spring-aspects\6.0.11\spring-aspects-6.0.11.jar;C:\Users\Silvia\.m2\repository\org\springframework\boot\spring-boot-starter-web\3.1.3\spring-boot-starter-web-3.1.3.jar;C:\Users\Silvia\.m2\repository\org\springframework\boot\spring-boot-starter\3.1.3\spring-boot-starter-3.1.3.jar;C:\Users\Silvia\.m2\repository\org\springframework\boot\spring-boot-starter-logging\3.1.3\spring-boot-starter-logging-3.1.3.jar;C:\Users\Silvia\.m2\repository\ch\qos\logback\logback-classic\1.4.11\logback-classic-1.4.11.jar;C:\Users\Silvia\.m2\repository\ch\qos\logback\logback-core\1.4.11\logback-core-1.4.11.jar;C:\Users\Silvia\.m2\repository\org\apache\logging\log4j\log4j-to-slf4j\2.20.0\log4j-to-slf4j-2.20.0.jar;C:\Users\Silvia\.m2\repository\org\apache\logging\log4j\log4j-api\2.20.0\log4j-api-2.20.0.jar;C:\Users\Silvia\.m2\repository\org\slf4j\jul-to-slf4j\2.0.7\jul-to-slf4j-2.0.7.jar;C:\Users\Silvia\.m2\repository\org\yaml\snakeyaml\1.33\snakeyaml-1.33.jar;C:\Users\Silvia\.m2\repository\org\springframework\boot\spring-boot-starter-json\3.1.3\spring-boot-starter-json-3.1.3.jar;C:\Users\Silvia\.m2\repository\com\fasterxml\jackson\core\jackson-databind\2.15.2\jackson-databind-2.15.2.jar;C:\Users\Silvia\.m2\repository\com\fasterxml\jackson\core\jackson-annotations\2.15.2\jackson-annotations-2.15.2.jar;C:\Users\Silvia\.m2\repository\com\fasterxml\jackson\core\jackson-core\2.15.2\jackson-core-2.15.2.jar;C:\Users\Silvia\.m2\repository\com\fasterxml\jackson\datatype\jackson-datatype-jdk8\2.15.2\jackson-datatype-jdk8-2.15.2.jar;C:\Users\Silvia\.m2\repository\com\fasterxml\jackson\datatype\jackson-datatype-jsr310\2.15.2\jackson-datatype-jsr310-2.15.2.jar;C:\Users\Silvia\.m2\repository\com\fasterxml\jackson\module\jackson-module-parameter-names\2.15.2\jackson-module-parameter-names-2.15.2.jar;C:\Users\Silvia\.m2\repository\org\springframework\boot\spring-boot-starter-tomcat\3.1.3\spring-boot-starter-tomcat-3.1.3.jar;C:\Users\Silvia\.m2\repository\org\apache\tomcat\embed\tomcat-embed-core\10.1.12\tomcat-embed-core-10.1.12.jar;C:\Users\Silvia\.m2\repository\org\apache\tomcat\embed\tomcat-embed-el\10.1.12\tomcat-embed-el-10.1.12.jar;C:\Users\Silvia\.m2\repository\org\apache\tomcat\embed\tomcat-embed-websocket\10.1.12\tomcat-embed-websocket-10.1.12.jar;C:\Users\Silvia\.m2\repository\org\springframework\spring-web\6.0.11\spring-web-6.0.11.jar;C:\Users\Silvia\.m2\repository\io\micrometer\micrometer-observation\1.11.3\micrometer-observation-1.11.3.jar;C:\Users\Silvia\.m2\repository\io\micrometer\micrometer-commons\1.11.3\micrometer-commons-1.11.3.jar;C:\Users\Silvia\.m2\repository\org\springframework\spring-webmvc\6.0.11\spring-webmvc-6.0.11.jar;C:\Users\Silvia\.m2\repository\org\springframework\spring-expression\6.0.11\spring-expression-6.0.11.jar;C:\Users\Silvia\.m2\repository\org\springframework\boot\spring-boot-devtools\3.1.3\spring-boot-devtools-3.1.3.jar;C:\Users\Silvia\.m2\repository\org\springframework\boot\spring-boot\3.1.3\spring-boot-3.1.3.jar;C:\Users\Silvia\.m2\repository\org\springframework\boot\spring-boot-autoconfigure\3.1.3\spring-boot-autoconfigure-3.1.3.jar;C:\Users\Silvia\.m2\repository\org\projectlombok\lombok\1.18.28\lombok-1.18.28.jar;C:\Users\Silvia\.m2\repository\jakarta\xml\bind\jakarta.xml.bind-api\4.0.0\jakarta.xml.bind-api-4.0.0.jar;C:\Users\Silvia\.m2\repository\jakarta\activation\jakarta.activation-api\2.1.2\jakarta.activation-api-2.1.2.jar;C:\Users\Silvia\.m2\repository\org\springframework\spring-core\6.0.11\spring-core-6.0.11.jar;C:\Users\Silvia\.m2\repository\org\springframework\spring-jcl\6.0.11\spring-jcl-6.0.11.jar;C:\Users\Silvia\.m2\repository\org\springdoc\springdoc-openapi-ui\1.7.0\springdoc-openapi-ui-1.7.0.jar;C:\Users\Silvia\.m2\repository\org\springdoc\springdoc-openapi-webmvc-core\1.7.0\springdoc-openapi-webmvc-core-1.7.0.jar;C:\Users\Silvia\.m2\repository\org\springdoc\springdoc-openapi-common\1.7.0\springdoc-openapi-common-1.7.0.jar;C:\Users\Silvia\.m2\repository\io\swagger\core\v3\swagger-core\2.2.9\swagger-core-2.2.9.jar;C:\Users\Silvia\.m2\repository\org\apache\commons\commons-lang3\3.12.0\commons-lang3-3.12.0.jar;C:\Users\Silvia\.m2\repository\com\fasterxml\jackson\dataformat\jackson-dataformat-yaml\2.15.2\jackson-dataformat-yaml-2.15.2.jar;C:\Users\Silvia\.m2\repository\io\swagger\core\v3\swagger-annotations\2.2.9\swagger-annotations-2.2.9.jar;C:\Users\Silvia\.m2\repository\io\swagger\core\v3\swagger-models\2.2.9\swagger-models-2.2.9.jar;C:\Users\Silvia\.m2\repository\jakarta\validation\jakarta.validation-api\3.0.2\jakarta.validation-api-3.0.2.jar;C:\Users\Silvia\.m2\repository\org\webjars\swagger-ui\4.18.2\swagger-ui-4.18.2.jar;C:\Users\Silvia\.m2\repository\org\springframework\boot\spring-boot-starter-jdbc\3.1.3\spring-boot-starter-jdbc-3.1.3.jar;C:\Users\Silvia\.m2\repository\com\zaxxer\HikariCP\5.0.1\HikariCP-5.0.1.jar;C:\Users\Silvia\.m2\repository\org\springframework\spring-jdbc\6.0.11\spring-jdbc-6.0.11.jar;C:\Users\Silvia\.m2\repository\org\postgresql\postgresql\42.2.27\postgresql-42.2.27.jar;C:\Users\Silvia\.m2\repository\org\checkerframework\checker-qual\3.5.0\checker-qual-3.5.0.jar;C:\Users\Silvia\.m2\repository\org\jsoup\jsoup\1.16.1\jsoup-1.16.1.jar
Launcher Type: SUN_STANDARD

[Global flags]
     intx CICompilerCount                          = 12                                        {product} {ergonomic}
     uint ConcGCThreads                            = 3                                         {product} {ergonomic}
     uint G1ConcRefinementThreads                  = 13                                        {product} {ergonomic}
   size_t G1HeapRegionSize                         = 2097152                                   {product} {ergonomic}
    uintx GCDrainStackTargetSize                   = 64                                        {product} {ergonomic}
   size_t InitialHeapSize                          = 266338304                                 {product} {ergonomic}
     bool ManagementServer                         = true                                      {product} {command line}
   size_t MarkStackSize                            = 4194304                                   {product} {ergonomic}
   size_t MaxHeapSize                              = 4253024256                                {product} {ergonomic}
   size_t MaxNewSize                               = 2550136832                                {product} {ergonomic}
   size_t MinHeapDeltaBytes                        = 2097152                                   {product} {ergonomic}
   size_t MinHeapSize                              = 8388608                                   {product} {ergonomic}
    uintx NonProfiledCodeHeapSize                  = 0                                      {pd product} {ergonomic}
     bool ProfileInterpreter                       = false                                  {pd product} {command line}
    uintx ProfiledCodeHeapSize                     = 0                                      {pd product} {ergonomic}
   size_t SoftMaxHeapSize                          = 4253024256                             {manageable} {ergonomic}
     intx TieredStopAtLevel                        = 1                                         {product} {command line}
     bool UseCompressedClassPointers               = true                           {product lp64_product} {ergonomic}
     bool UseCompressedOops                        = true                           {product lp64_product} {ergonomic}
     bool UseG1GC                                  = true                                      {product} {ergonomic}
     bool UseLargePagesIndividualAllocation        = false                                  {pd product} {ergonomic}

Logging:
Log output configuration:
 #0: stdout all=warning uptime,level,tags foldmultilines=false
 #1: stderr all=off uptime,level,tags foldmultilines=false

Environment Variables:
PATH=C:\Program Files\Common Files\Oracle\Java\javapath;C:\Windows\system32;C:\Windows;C:\Windows\System32\Wbem;C:\Windows\System32\WindowsPowerShell\v1.0\;C:\Windows\System32\OpenSSH\;C:\Program Files\MATLAB\R2021b\runtime\win64;C:\Program Files\MATLAB\R2021b\bin;C:\Program Files\Microsoft SQL Server\120\Tools\Binn\;C:\Program Files\nodejs\;C:\Program Files\Git\cmd;C:\Program Files\dotnet\;C:\Users\Silvia\flutter_windows_3.7.7-stable\flutter\bin;C:\Program Files\Maven\apache-maven-3.9.1\bin;C:\Users\Silvia\AppData\Local\Microsoft\WindowsApps;C:\Users\Silvia\AppData\Local\Programs\Microsoft VS Code\bin;C:\Users\Silvia\AppData\Roaming\npm;C:\Users\Silvia\AppData\Local\JetBrains\Toolbox\scripts
USERNAME=Silvia
OS=Windows_NT
PROCESSOR_IDENTIFIER=Intel64 Family 6 Model 165 Stepping 2, GenuineIntel
TMP=C:\Users\Silvia\AppData\Local\Temp
TEMP=C:\Users\Silvia\AppData\Local\Temp




---------------  S Y S T E M  ---------------

OS:
 Windows 10 , 64 bit Build 19041 (10.0.19041.3393)
OS uptime: 5 days 19:26 hours

CPU: total 16 (initial active 16) (8 cores per cpu, 2 threads per core) family 6 model 165 stepping 2 microcode 0xc8, cx8, cmov, fxsr, ht, mmx, 3dnowpref, sse, sse2, sse3, ssse3, sse4.1, sse4.2, popcnt, lzcnt, tsc, tscinvbit, avx, avx2, aes, erms, clmul, bmi1, bmi2, adx, fma, vzeroupper, clflush, clflushopt, rdtscp, f16c, pku

Memory: 4k page, system-wide physical 16218M (1550M free)
TotalPageFile size 26585M (AvailPageFile size 5M)
current process WorkingSet (physical memory assigned to process): 212M, peak: 226M
current process commit charge ("private bytes"): 269M, peak: 377M

vm_info: Java HotSpot(TM) 64-Bit Server VM (20.0.1+9-29) for windows-amd64 JRE (20.0.1+9-29), built on 2023-03-07T13:56:11Z by "mach5one" with MS VC++ 17.1 (VS2022)

END.
